<?xml version="1.0" encoding="UTF-8"?>
<!-- Generated by org.testng.reporters.JUnitReportReporter -->
<testsuite skipped="0" hostname="DESKTOP-MDBLIRD" name="com.moodys.meerqats.testcases.LoginAsAdmin" tests="1" failures="0" timestamp="20 Jul 2020 20:51:01 GMT" time="8.821" errors="0">
  <testcase name="ManagerAccess" time="8.821" classname="com.moodys.meerqats.testcases.LoginAsAdmin"/>
</testsuite> <!-- com.moodys.meerqats.testcases.LoginAsAdmin -->
