<?xml version="1.0" encoding="UTF-8"?>
<!-- Generated by org.testng.reporters.JUnitReportReporter -->
<testsuite skipped="0" hostname="DESKTOP-MDBLIRD" name="com.moodys.meerqats.QATSManager.CreateManualCase_LeadAnalyst_AutoSuggestions" tests="1" failures="0" timestamp="03 Aug 2020 11:33:24 GMT" time="36.665" errors="0">
  <testcase name="ManualCase_LeadAnalyst_Suggestions" time="36.665" classname="com.moodys.meerqats.QATSManager.CreateManualCase_LeadAnalyst_AutoSuggestions"/>
</testsuite> <!-- com.moodys.meerqats.QATSManager.CreateManualCase_LeadAnalyst_AutoSuggestions -->
