<?xml version="1.0" encoding="UTF-8"?>
<!-- Generated by org.testng.reporters.JUnitReportReporter -->
<testsuite skipped="0" hostname="DESKTOP-MDBLIRD" name="com.moodys.meerqats.QATSManager.CreateManualCase" tests="1" failures="0" timestamp="23 Jul 2020 17:32:49 GMT" time="21.192" errors="0">
  <testcase name="ManualCase" time="21.192" classname="com.moodys.meerqats.QATSManager.CreateManualCase"/>
</testsuite> <!-- com.moodys.meerqats.QATSManager.CreateManualCase -->
