<?xml version="1.0" encoding="UTF-8"?>
<!-- Generated by org.testng.reporters.JUnitReportReporter -->
<testsuite skipped="0" hostname="DESKTOP-MDBLIRD" name="com.moodys.meerqats.QATSManager.CreateManualCase_RCChair_AutoSuggestions" tests="1" failures="0" timestamp="28 Jul 2020 12:43:09 GMT" time="36.287" errors="0">
  <testcase name="ManualCase_RCChair_Suggestions" time="36.287" classname="com.moodys.meerqats.QATSManager.CreateManualCase_RCChair_AutoSuggestions"/>
</testsuite> <!-- com.moodys.meerqats.QATSManager.CreateManualCase_RCChair_AutoSuggestions -->
