<?xml version="1.0" encoding="UTF-8"?>
<!-- Generated by org.testng.reporters.JUnitReportReporter -->
<testsuite skipped="0" hostname="DESKTOP-MDBLIRD" name="com.moodys.meerqats.testcases.LoginAsManager" tests="1" failures="0" timestamp="22 Jul 2020 14:21:11 GMT" time="5.253" errors="0">
  <testcase name="ManagerAccess" time="5.253" classname="com.moodys.meerqats.testcases.LoginAsManager"/>
</testsuite> <!-- com.moodys.meerqats.testcases.LoginAsManager -->
