<?xml version="1.0" encoding="UTF-8"?>
<!-- Generated by org.testng.reporters.JUnitReportReporter -->
<testsuite skipped="0" hostname="DESKTOP-MDBLIRD" name="com.moodys.meerqats.QATSManager.CreateManualCase_RCChair" tests="1" failures="0" timestamp="25 Jul 2020 11:49:58 GMT" time="29.025" errors="0">
  <testcase name="RCChair" time="29.025" classname="com.moodys.meerqats.QATSManager.CreateManualCase_RCChair"/>
</testsuite> <!-- com.moodys.meerqats.QATSManager.CreateManualCase_RCChair -->
