<?xml version="1.0" encoding="UTF-8"?>
<!-- Generated by org.testng.reporters.JUnitReportReporter -->
<testsuite skipped="0" hostname="DESKTOP-MDBLIRD" name="com.moodys.meerqats.QATSAdmin.LoginAsAdmin" tests="1" failures="0" timestamp="27 Jul 2020 10:56:47 GMT" time="16.142" errors="0">
  <testcase name="AdminAccess" time="16.142" classname="com.moodys.meerqats.QATSAdmin.LoginAsAdmin"/>
</testsuite> <!-- com.moodys.meerqats.QATSAdmin.LoginAsAdmin -->
