<?xml version="1.0" encoding="UTF-8"?>
<!-- Generated by org.testng.reporters.JUnitReportReporter -->
<testsuite skipped="0" hostname="DESKTOP-MDBLIRD" name="com.moodys.meerqats.QATSManager.CreateManualCase_LeadAnalyst_AutoSuggestions" tests="1" failures="0" timestamp="31 Jul 2020 14:24:04 GMT" time="32.528" errors="0">
  <testcase name="ManualCase_LeadAnalyst_Suggestions" time="32.528" classname="com.moodys.meerqats.QATSManager.CreateManualCase_LeadAnalyst_AutoSuggestions"/>
</testsuite> <!-- com.moodys.meerqats.QATSManager.CreateManualCase_LeadAnalyst_AutoSuggestions -->
