<?xml version="1.0" encoding="UTF-8"?>
<!-- Generated by org.testng.reporters.JUnitReportReporter -->
<testsuite skipped="0" hostname="DESKTOP-MDBLIRD" name="com.moodys.meerqats.QATSManager.ManagerCanReopenResolvedReviews" tests="1" failures="0" timestamp="22 Jul 2020 18:34:31 GMT" time="16.286" errors="0">
  <testcase name="OpenResolvedReviews" time="16.286" classname="com.moodys.meerqats.QATSManager.ManagerCanReopenResolvedReviews"/>
</testsuite> <!-- com.moodys.meerqats.QATSManager.ManagerCanReopenResolvedReviews -->
