<?xml version="1.0" encoding="UTF-8"?>
<!-- Generated by org.testng.reporters.JUnitReportReporter -->
<testsuite skipped="0" hostname="DESKTOP-MDBLIRD" name="com.moodys.meerqats.QATSManager.CreateManualCase_RCChair_AutoSuggestions" tests="1" failures="0" timestamp="03 Aug 2020 11:32:24 GMT" time="41.608" errors="0">
  <testcase name="ManualCase_RCChair_Suggestions" time="41.608" classname="com.moodys.meerqats.QATSManager.CreateManualCase_RCChair_AutoSuggestions"/>
</testsuite> <!-- com.moodys.meerqats.QATSManager.CreateManualCase_RCChair_AutoSuggestions -->
