<?xml version="1.0" encoding="UTF-8"?>
<!-- Generated by org.testng.reporters.JUnitReportReporter -->
<testsuite skipped="0" hostname="DESKTOP-MDBLIRD" name="com.moodys.meerqats.QATSManager.CreateManualCase" tests="1" failures="0" timestamp="24 Jul 2020 16:45:58 GMT" time="47.023" errors="0">
  <testcase name="ManualCase" time="47.023" classname="com.moodys.meerqats.QATSManager.CreateManualCase"/>
</testsuite> <!-- com.moodys.meerqats.QATSManager.CreateManualCase -->
