<?xml version="1.0" encoding="UTF-8"?>
<!-- Generated by org.testng.reporters.JUnitReportReporter -->
<testsuite skipped="0" hostname="DESKTOP-MDBLIRD" name="com.moodys.meerqats.QATSManager.CreateManualCase_PACR_AutoSuggestions" tests="1" failures="0" timestamp="31 Jul 2020 14:21:21 GMT" time="27.783" errors="0">
  <testcase name="ManualCase_PACR_Suggestions" time="27.783" classname="com.moodys.meerqats.QATSManager.CreateManualCase_PACR_AutoSuggestions"/>
</testsuite> <!-- com.moodys.meerqats.QATSManager.CreateManualCase_PACR_AutoSuggestions -->
