<?xml version="1.0" encoding="UTF-8"?>
<!-- Generated by org.testng.reporters.JUnitReportReporter -->
<testsuite skipped="0" hostname="DESKTOP-MDBLIRD" name="com.moodys.meerqats.testcases.LoginAsAdmin" tests="1" failures="0" timestamp="22 Jul 2020 17:18:09 GMT" time="28.625" errors="0">
  <testcase name="ManagerAccess" time="28.625" classname="com.moodys.meerqats.testcases.LoginAsAdmin"/>
</testsuite> <!-- com.moodys.meerqats.testcases.LoginAsAdmin -->
