<?xml version="1.0" encoding="UTF-8"?>
<!-- Generated by org.testng.reporters.JUnitReportReporter -->
<testsuite skipped="0" hostname="DESKTOP-MDBLIRD" name="com.moodys.meerqats.testcases.LoginAsAdmin" tests="1" failures="0" timestamp="20 Jul 2020 19:59:54 GMT" time="7.993" errors="0">
  <testcase name="ManagerAccess" time="7.993" classname="com.moodys.meerqats.testcases.LoginAsAdmin"/>
</testsuite> <!-- com.moodys.meerqats.testcases.LoginAsAdmin -->
