<?xml version="1.0" encoding="UTF-8"?>
<!-- Generated by org.testng.reporters.JUnitReportReporter -->
<testsuite skipped="0" hostname="DESKTOP-MDBLIRD" name="com.moodys.meerqats.testcases.LoginAsReviewer" tests="1" failures="0" timestamp="22 Jul 2020 14:21:11 GMT" time="5.257" errors="0">
  <testcase name="ReviewerAccess" time="5.257" classname="com.moodys.meerqats.testcases.LoginAsReviewer"/>
</testsuite> <!-- com.moodys.meerqats.testcases.LoginAsReviewer -->
