<?xml version="1.0" encoding="UTF-8"?>
<!-- Generated by org.testng.reporters.JUnitReportReporter -->
<testsuite skipped="0" hostname="DESKTOP-MDBLIRD" name="com.moodys.meerqats.QATSAdmin.LoginAsAdmin" tests="1" failures="0" timestamp="02 Aug 2020 07:30:20 GMT" time="32.978" errors="0">
  <testcase name="AdminAccess" time="32.978" classname="com.moodys.meerqats.QATSAdmin.LoginAsAdmin"/>
</testsuite> <!-- com.moodys.meerqats.QATSAdmin.LoginAsAdmin -->
