<?xml version="1.0" encoding="UTF-8"?>
<!-- Generated by org.testng.reporters.JUnitReportReporter -->
<testsuite skipped="0" hostname="DESKTOP-MDBLIRD" name="com.moodys.meerqats.QATSManager.CreateManualCase_PACR_AutoSuggestions" tests="1" failures="0" timestamp="27 Jul 2020 10:56:47 GMT" time="31.251" errors="0">
  <testcase name="ManualCase_PACRSuggestions" time="31.251" classname="com.moodys.meerqats.QATSManager.CreateManualCase_PACR_AutoSuggestions"/>
</testsuite> <!-- com.moodys.meerqats.QATSManager.CreateManualCase_PACR_AutoSuggestions -->
