<?xml version="1.0" encoding="UTF-8"?>
<!-- Generated by org.testng.reporters.JUnitReportReporter -->
<testsuite skipped="0" hostname="DESKTOP-MDBLIRD" name="com.moodys.meerqats.testcases.LoginAsReviewer" tests="1" failures="0" timestamp="20 Jul 2020 19:55:36 GMT" time="9.558" errors="0">
  <testcase name="ReviewerAccess" time="9.558" classname="com.moodys.meerqats.testcases.LoginAsReviewer"/>
</testsuite> <!-- com.moodys.meerqats.testcases.LoginAsReviewer -->
