<?xml version="1.0" encoding="UTF-8"?>
<!-- Generated by org.testng.reporters.JUnitReportReporter -->
<testsuite skipped="0" hostname="DESKTOP-MDBLIRD" name="com.moodys.meerqats.QATSManager.LoginAsManager" tests="1" failures="0" timestamp="22 Jul 2020 17:33:16 GMT" time="8.182" errors="0">
  <testcase name="ManagerAccess" time="8.182" classname="com.moodys.meerqats.QATSManager.LoginAsManager"/>
</testsuite> <!-- com.moodys.meerqats.QATSManager.LoginAsManager -->
