<?xml version="1.0" encoding="UTF-8"?>
<!-- Generated by org.testng.reporters.JUnitReportReporter -->
<testsuite skipped="0" hostname="DESKTOP-MDBLIRD" name="com.moodys.meerqats.QATSManager.CreateManualCase" tests="1" failures="0" timestamp="25 Jul 2020 11:43:38 GMT" time="32.194" errors="0">
  <testcase name="ManualCase" time="32.194" classname="com.moodys.meerqats.QATSManager.CreateManualCase"/>
</testsuite> <!-- com.moodys.meerqats.QATSManager.CreateManualCase -->
