<?xml version="1.0" encoding="UTF-8"?>
<!-- Generated by org.testng.reporters.JUnitReportReporter -->
<testsuite skipped="0" hostname="DESKTOP-MDBLIRD" name="com.moodys.meerqats.QATSReviewer.LoginAsReviewer" tests="1" failures="0" timestamp="27 Jul 2020 19:33:57 GMT" time="10.951" errors="0">
  <testcase name="ReviewerAccess" time="10.951" classname="com.moodys.meerqats.QATSReviewer.LoginAsReviewer"/>
</testsuite> <!-- com.moodys.meerqats.QATSReviewer.LoginAsReviewer -->
