<?xml version="1.0" encoding="UTF-8"?>
<!-- Generated by org.testng.reporters.JUnitReportReporter -->
<testsuite skipped="0" hostname="DESKTOP-MDBLIRD" name="com.moodys.meerqats.QATSManager.CreateManualCase_PACR_AutoSuggestions" tests="1" failures="0" timestamp="25 Jul 2020 12:08:18 GMT" time="26.898" errors="0">
  <testcase name="PACR" time="26.898" classname="com.moodys.meerqats.QATSManager.CreateManualCase_PACR_AutoSuggestions"/>
</testsuite> <!-- com.moodys.meerqats.QATSManager.CreateManualCase_PACR_AutoSuggestions -->
