<?xml version="1.0" encoding="UTF-8"?>
<!-- Generated by org.testng.reporters.JUnitReportReporter -->
<testsuite skipped="0" hostname="DESKTOP-MDBLIRD" name="com.moodys.meerqats.QATSManager.LoginAsManager" tests="1" failures="0" timestamp="27 Jul 2020 10:56:47 GMT" time="10.712" errors="0">
  <testcase name="ManagerAccess" time="10.712" classname="com.moodys.meerqats.QATSManager.LoginAsManager"/>
</testsuite> <!-- com.moodys.meerqats.QATSManager.LoginAsManager -->
