<?xml version="1.0" encoding="UTF-8"?>
<!-- Generated by org.testng.reporters.JUnitReportReporter -->
<testsuite skipped="0" hostname="DESKTOP-MDBLIRD" name="com.moodys.meerqats.QATSManager.CreateManualCase_AddendumCreator_AutoSuggestions" tests="1" failures="0" timestamp="03 Aug 2020 11:23:14 GMT" time="38.162" errors="0">
  <testcase name="ManualCase_AddendumCreator_Suggestions" time="38.162" classname="com.moodys.meerqats.QATSManager.CreateManualCase_AddendumCreator_AutoSuggestions"/>
</testsuite> <!-- com.moodys.meerqats.QATSManager.CreateManualCase_AddendumCreator_AutoSuggestions -->
