<?xml version="1.0" encoding="UTF-8"?>
<!-- Generated by org.testng.reporters.JUnitReportReporter -->
<testsuite skipped="0" hostname="DESKTOP-MDBLIRD" name="com.moodys.meerqats.testcases.LoginAsManager" tests="1" failures="0" timestamp="20 Jul 2020 12:00:26 GMT" time="5.533" errors="0">
  <testcase name="ManagerAccess" time="5.533" classname="com.moodys.meerqats.testcases.LoginAsManager"/>
</testsuite> <!-- com.moodys.meerqats.testcases.LoginAsManager -->
